<?xml version="1.0" encoding="UTF-8"?>
<!-- Generated by org.testng.reporters.JUnitReportReporter -->
<testsuite hostname="DESKTOP-3EBB34D" failures="0" tests="3" name="com.test.Mytest" time="0.009" errors="0" timestamp="2022-11-11T09:19:11 EST" skipped="0">
  <testcase classname="com.test.Mytest" name="login" time="0.007"/>
  <system-out/>
  <testcase classname="com.test.Mytest" name="tearup" time="0.001"/>
  <system-out/>
  <testcase classname="com.test.Mytest" name="setup" time="0.001"/>
  <system-out/>
</testsuite> <!-- com.test.Mytest -->
